/prj/bb/lrisk/prog/nhis1997_2001/mortality.dataset.sas                                                          14:54 Thursday, December 1, 2016   1

mortality.sas7bat

The CONTENTS Procedure

Data Set Name        WORK.WT                                                  Observations          322165
Member Type          DATA                                                     Variables             7     
Engine               V9                                                       Indexes               0     
Created              12/01/2016 14:54:19                                      Observation Length    40    
Last Modified        12/01/2016 14:54:19                                      Deleted Observations  0     
Protection                                                                    Compressed            NO    
Data Set Type                                                                 Sorted                NO    
Label                                                                                                     
Data Representation  SOLARIS_X86_64, LINUX_X86_64, ALPHA_TRU64, LINUX_IA64                                
Encoding             latin1  Western (ISO)                                                                


                              Engine/Host Dependent Information

Data Set Page Size          65536                                                            
Number of Data Set Pages    198                                                              
First Data Page             1                                                                
Max Obs per Page            1632                                                             
Obs in First Data Page      1566                                                             
Number of Data Set Repairs  0                                                                
Filename                    /workF/SAS_work4579000056D5_compute-btp-01.imsweb.com/wt.sas7bdat
Release Created             9.0401M2                                                         
Host Created                Linux                                                            
Inode Number                23068682                                                         
Access Permission           rw-rw----                                                        
Owner Name                  ruggierd                                                         
File Size (bytes)           13041664                                                         


Alphabetic List of Variables and Attributes
 
#    Variable             Type    Len

7    DEATHYEAR            Num       8
5    DIED                 Num       3
6    LUNG_CANCER_DEATH    Num       3
2    PID                  Num       8
1    ROWNAMES             Num       6
3    WT_MORT              Num       8
4    YEAR                 Num       4
/prj/bb/lrisk/prog/nhis1997_2001/mortality.dataset.sas                                                          14:54 Thursday, December 1, 2016   2

mortality.sas7bat

The FREQ Procedure

                                      Cumulative    Cumulative
DEATHYEAR    Frequency     Percent     Frequency      Percent
--------------------------------------------------------------
 1997.125          20        0.01            20         0.01  
  1997.25          39        0.01            59         0.02  
 1997.375          71        0.02           130         0.04  
   1997.5         130        0.04           260         0.08  
 1998.125         187        0.06           447         0.14  
  1998.25         208        0.06           655         0.20  
 1998.375         246        0.08           901         0.28  
   1998.5         270        0.08          1171         0.36  
 1999.125         338        0.10          1509         0.47  
  1999.25         324        0.10          1833         0.57  
 1999.375         378        0.12          2211         0.69  
   1999.5         478        0.15          2689         0.83  
 2000.125         559        0.17          3248         1.01  
  2000.25         490        0.15          3738         1.16  
 2000.375         521        0.16          4259         1.32  
   2000.5         642        0.20          4901         1.52  
 2001.125         686        0.21          5587         1.73  
  2001.25         648        0.20          6235         1.94  
 2001.375         698        0.22          6933         2.15  
   2001.5         781        0.24          7714         2.39  
 2002.125         802        0.25          8516         2.64  
  2002.25         769        0.24          9285         2.88  
 2002.375         786        0.24         10071         3.13  
   2002.5         870        0.27         10941         3.40  
 2003.125         920        0.29         11861         3.68  
  2003.25         790        0.25         12651         3.93  
 2003.375         714        0.22         13365         4.15  
   2003.5         896        0.28         14261         4.43  
 2004.125         882        0.27         15143         4.70  
  2004.25         771        0.24         15914         4.94  
 2004.375         777        0.24         16691         5.18  
   2004.5         873        0.27         17564         5.45  
 2005.125         962        0.30         18526         5.75  
  2005.25         814        0.25         19340         6.00  
 2005.375         741        0.23         20081         6.23  
   2005.5         866        0.27         20947         6.50  
 2006.125         909        0.28         21856         6.78  
  2006.25         833        0.26         22689         7.04  
 2006.375         783        0.24         23472         7.29  
   2006.5         824        0.26         24296         7.54  
     2007      297869       92.46        322165       100.00  
/prj/bb/lrisk/prog/nhis1997_2001/mortality.dataset.sas                                                          14:54 Thursday, December 1, 2016   3

mortality.sas7bat

The FREQ Procedure

                                                              Cumulative    Cumulative
NHIS_YR    INTV_QRT    OTHINTV_DT    Frequency     Percent     Frequency      Percent
--------------------------------------------------------------------------------------
   1997           1      1997.125        8508        5.15          8508         5.15  
   1997           2       1997.25        9199        5.57         17707        10.73  
   1997           3      1997.375        9331        5.65         27038        16.38  
   1997           4        1997.5        9078        5.50         36116        21.88  
   1998           1      1998.125        7215        4.37         43331        26.25  
   1998           2       1998.25        8441        5.11         51772        31.37  
   1998           3      1998.375        8493        5.15         60265        36.51  
   1998           4        1998.5        8291        5.02         68556        41.53  
   1999           1      1999.125        6789        4.11         75345        45.65  
   1999           2       1999.25        8077        4.89         83422        50.54  
   1999           3      1999.375        8091        4.90         91513        55.44  
   1999           4        1999.5        7844        4.75         99357        60.20  
   2000           1      2000.125        7353        4.45        106710        64.65  
   2000           2       2000.25        8400        5.09        115110        69.74  
   2000           3      2000.375        8506        5.15        123616        74.89  
   2000           4        2000.5        8115        4.92        131731        79.81  
   2001           1      2001.125        7235        4.38        138966        84.19  
   2001           2       2001.25        8589        5.20        147555        89.40  
   2001           3      2001.375        8829        5.35        156384        94.75  
   2001           4        2001.5        8673        5.25        165057       100.00  
/prj/bb/lrisk/prog/nhis1997_2001/mortality.dataset.sas                                                          14:54 Thursday, December 1, 2016   4

cohorts

The CONTENTS Procedure

Data Set Name        WORK.NHIS97_01                                           Observations          165057
Member Type          DATA                                                     Variables             54    
Engine               V9                                                       Indexes               0     
Created              12/01/2016 14:54:21                                      Observation Length    440   
Last Modified        12/01/2016 14:54:21                                      Deleted Observations  0     
Protection                                                                    Compressed            NO    
Data Set Type                                                                 Sorted                NO    
Label                                                                                                     
Data Representation  SOLARIS_X86_64, LINUX_X86_64, ALPHA_TRU64, LINUX_IA64                                
Encoding             latin1  Western (ISO)                                                                


                                 Engine/Host Dependent Information

Data Set Page Size          65536                                                                   
Number of Data Set Pages    1116                                                                    
First Data Page             1                                                                       
Max Obs per Page            148                                                                     
Obs in First Data Page      126                                                                     
Number of Data Set Repairs  0                                                                       
Filename                    /workF/SAS_work4579000056D5_compute-btp-01.imsweb.com/nhis97_01.sas7bdat
Release Created             9.0401M2                                                                
Host Created                Linux                                                                   
Inode Number                23068682                                                                
Access Permission           rw-rw----                                                               
Owner Name                  ruggierd                                                                
File Size (bytes)           73203712                                                                


                Alphabetic List of Variables and Attributes
 
 #    Variable      Type    Len    Label

 3    AGE_P         Num       4    Age                                     
20    AHAYFYR       Num       4    Told that you had hayfever, past 12 m   
26    AHSTATYR      Num       4    Hlth better/worse/same, comp w/12 m ago 
44    ALC5UPNO      Num       5    Days had 5+ drinks, past year: # of days
45    ALC5UPTP      Num       4    Days had 5+ drinks past year: Time unit 
12    ANGEV         Num       4    Ever been told you had angina pectoris  
25    BEDDAYR       Num       5    Number of bed days, past 12 months      
46    BMI           Num       8    Body Mass Index (BMI)                   
17    CANEV         Num       4    Ever told by a doctor you had cancer    
21    CBRCHYR       Num       4    Told you had chronic bronchitis, 12 m   
11    CHDEV         Num       4    Ever told you had coronary heart disease
37    CIGDAMO       Num       4    Number days smoked in past 30 days      
40    CIGQTYR       Num       4    Tried quit smoking 1+ days, past 12 m   
36    CIGSDA1       Num       4    Number cigs per day (daily smokers)     
38    CIGSDA2       Num       4    Number cigs per day (some day smokers)  
39    CIGSDAY       Num       4    Number cigs a day (all smokers)         
18    CNKIND14      Num       4    What kind of cancer...lung              
19    DIBEV         Num       4    Ever been told you had diabetes         
 6    EDUC          Num       4    Highest level of school completed       
16    EPHEV         Num       4    Ever been told you had emphysema        
48    FHFCAN        Num       4    Biological father ever have cancer      
49    FHFTYP14      Num       4    What kind of cancer...lung              
50    FHMCAN        Num       4    Biological mother ever have cancer      
51    FHMTYP14      Num       4    What kind of cancer...lung              
28    FLA1AR        Num       4    Any functl limit - persons 18+, all cond
/prj/bb/lrisk/prog/nhis1997_2001/mortality.dataset.sas                                                          14:54 Thursday, December 1, 2016   5

cohorts

The CONTENTS Procedure

                Alphabetic List of Variables and Attributes
 
 #    Variable      Type    Len    Label

14    HRTEV         Num       4    Ever told you had a heart cond/disease  
10    HYPEV         Num       4    Ever been told you had hypertension     
 1    INTV_QRT      Num       4    Interview Quarter                       
22    KIDWKYR       Num       4    Told you had weak/failing kidneys, 12 m 
23    LIVYR         Num       4    Told you had liver condition, past 12 m 
13    MIEV          Num       4    Ever been told you had a heart attack   
52    NHIS_YR       Num       8                                            
 4    ORIGIN        Num       4    Hispanic Ethnicity                      
54    OTHINTV_DT    Num       8                                            
53    PID           Num       8                                            
 9    PSU           Num       4    PSU for variance estimation             
47    PUBLICID      Char    200                                            
 5    RACE          Num       4    OMB groups w/multiple race              
 2    SEX           Num       4    Sex                                     
29    SMKEV         Num       4    Ever smoked 100 cigarettes              
31    SMKNOW        Num       4    Smoke freq: everyday/somedays/not at all
35    SMKQTD        Num       4    Quit smoking since {current mnth} 1995  
32    SMKQTNO       Num       4    Time since quit smoking: # of units     
33    SMKQTTP       Num       4    Time since quit smoking: Time unit      
34    SMKQTY        Num       4    Time since quit smoking (in years)      
30    SMKREG        Num       4    Age first smoked fairly regularly       
41    SMKSTAT1      Num       4    Smoking Status: Recode 1                
42    SMKSTAT2      Num       4    Smoking Status: Recode 2                
43    SMKSTAT3      Num       4    Smoking Status: Recode 3                
27    SPECEQ        Num       4    Have hlth prob that requires spec equip 
 8    STRATUM       Num       5    Stratum for variance estimation         
15    STREV         Num       4    Ever been told you had a stroke         
24    WKDAYR        Num       5    Number of work loss days, past 12 months
 7    WTFA_SA       Num       8    Weight - Final Annual                   
/prj/bb/lrisk/prog/nhis1997_2001/mortality.dataset.sas                                                          14:54 Thursday, December 1, 2016   6

cohorts - pick up wt

The FREQ Procedure

                                                                  Cumulative    Cumulative
FLAG_DEATH    OTHINTV_DT    DEATHYEAR    Frequency     Percent     Frequency      Percent
------------------------------------------------------------------------------------------
         .      1997.125      1997.25          13        0.01            13         0.01  
         .      1997.125     1997.375          15        0.01            28         0.02  
         .      1997.125       1997.5          17        0.01            45         0.03  
         .      1997.125     1998.125          26        0.02            71         0.04  
         .      1997.125      1998.25          21        0.01            92         0.06  
         .      1997.125     1998.375          19        0.01           111         0.07  
         .      1997.125       1998.5          27        0.02           138         0.08  
         .      1997.125     1999.125          31        0.02           169         0.10  
         .      1997.125      1999.25          24        0.01           193         0.12  
         .      1997.125     1999.375          23        0.01           216         0.13  
         .      1997.125       1999.5          28        0.02           244         0.15  
         .      1997.125     2000.125          36        0.02           280         0.17  
         .      1997.125      2000.25          23        0.01           303         0.18  
         .      1997.125     2000.375          25        0.02           328         0.20  
         .      1997.125       2000.5          29        0.02           357         0.22  
         .      1997.125     2001.125          26        0.02           383         0.23  
         .      1997.125      2001.25          27        0.02           410         0.25  
         .      1997.125     2001.375          30        0.02           440         0.27  
         .      1997.125       2001.5          23        0.01           463         0.28  
         .      1997.125     2002.125          24        0.01           487         0.30  
         .      1997.125      2002.25          25        0.02           512         0.31  
         .      1997.125     2002.375          26        0.02           538         0.33  
         .      1997.125       2002.5          26        0.02           564         0.34  
         .      1997.125     2003.125          24        0.01           588         0.36  
         .      1997.125      2003.25          25        0.02           613         0.37  
         .      1997.125     2003.375          25        0.02           638         0.39  
         .      1997.125       2003.5          24        0.01           662         0.40  
         .      1997.125     2004.125          28        0.02           690         0.42  
         .      1997.125      2004.25          23        0.01           713         0.43  
         .      1997.125     2004.375          34        0.02           747         0.45  
         .      1997.125       2004.5          20        0.01           767         0.46  
         .      1997.125     2005.125          38        0.02           805         0.49  
         .      1997.125      2005.25          26        0.02           831         0.50  
         .      1997.125     2005.375          21        0.01           852         0.52  
         .      1997.125       2005.5          24        0.01           876         0.53  
         .      1997.125     2006.125          35        0.02           911         0.55  
         .      1997.125      2006.25          27        0.02           938         0.57  
         .      1997.125     2006.375          20        0.01           958         0.58  
         .      1997.125       2006.5          23        0.01           981         0.59  
         .      1997.125         2007        7112        4.31          8093         4.90  
         .       1997.25     1997.375          15        0.01          8108         4.91  
         .       1997.25       1997.5          21        0.01          8129         4.92  
         .       1997.25     1998.125          25        0.02          8154         4.94  
         .       1997.25      1998.25          20        0.01          8174         4.95  
         .       1997.25     1998.375          26        0.02          8200         4.97  
         .       1997.25       1998.5          18        0.01          8218         4.98  
         .       1997.25     1999.125          25        0.02          8243         4.99  
         .       1997.25      1999.25          16        0.01          8259         5.00  
         .       1997.25     1999.375          28        0.02          8287         5.02  
         .       1997.25       1999.5          27        0.02          8314         5.04  
         .       1997.25     2000.125          30        0.02          8344         5.06  
         .       1997.25      2000.25          24        0.01          8368         5.07  
         .       1997.25     2000.375          26        0.02          8394         5.09  
         .       1997.25       2000.5          26        0.02          8420         5.10  
         .       1997.25     2001.125          28        0.02          8448         5.12  
/prj/bb/lrisk/prog/nhis1997_2001/mortality.dataset.sas                                                          14:54 Thursday, December 1, 2016   7

cohorts - pick up wt

The FREQ Procedure

                                                                  Cumulative    Cumulative
FLAG_DEATH    OTHINTV_DT    DEATHYEAR    Frequency     Percent     Frequency      Percent
------------------------------------------------------------------------------------------
         .       1997.25      2001.25          25        0.02          8473         5.13  
         .       1997.25     2001.375          27        0.02          8500         5.15  
         .       1997.25       2001.5          22        0.01          8522         5.16  
         .       1997.25     2002.125          25        0.02          8547         5.18  
         .       1997.25      2002.25          24        0.01          8571         5.19  
         .       1997.25     2002.375          20        0.01          8591         5.20  
         .       1997.25       2002.5          33        0.02          8624         5.22  
         .       1997.25     2003.125          25        0.02          8649         5.24  
         .       1997.25      2003.25          25        0.02          8674         5.26  
         .       1997.25     2003.375          20        0.01          8694         5.27  
         .       1997.25       2003.5          25        0.02          8719         5.28  
         .       1997.25     2004.125          38        0.02          8757         5.31  
         .       1997.25      2004.25          22        0.01          8779         5.32  
         .       1997.25     2004.375          29        0.02          8808         5.34  
         .       1997.25       2004.5          35        0.02          8843         5.36  
         .       1997.25     2005.125          32        0.02          8875         5.38  
         .       1997.25      2005.25          30        0.02          8905         5.40  
         .       1997.25     2005.375          32        0.02          8937         5.41  
         .       1997.25       2005.5          21        0.01          8958         5.43  
         .       1997.25     2006.125          46        0.03          9004         5.46  
         .       1997.25      2006.25          32        0.02          9036         5.47  
         .       1997.25     2006.375          23        0.01          9059         5.49  
         .       1997.25       2006.5          26        0.02          9085         5.50  
         .       1997.25         2007        7791        4.72         16876        10.22  
         .      1997.375       1997.5          26        0.02         16902        10.24  
         .      1997.375     1998.125          16        0.01         16918        10.25  
         .      1997.375      1998.25          20        0.01         16938        10.26  
         .      1997.375     1998.375          27        0.02         16965        10.28  
         .      1997.375       1998.5          33        0.02         16998        10.30  
         .      1997.375     1999.125          34        0.02         17032        10.32  
         .      1997.375      1999.25          20        0.01         17052        10.33  
         .      1997.375     1999.375          28        0.02         17080        10.35  
         .      1997.375       1999.5          40        0.02         17120        10.37  
         .      1997.375     2000.125          34        0.02         17154        10.39  
         .      1997.375      2000.25          25        0.02         17179        10.41  
         .      1997.375     2000.375          25        0.02         17204        10.42  
         .      1997.375       2000.5          27        0.02         17231        10.44  
         .      1997.375     2001.125          28        0.02         17259        10.46  
         .      1997.375      2001.25          24        0.01         17283        10.47  
         .      1997.375     2001.375          28        0.02         17311        10.49  
         .      1997.375       2001.5          24        0.01         17335        10.50  
         .      1997.375     2002.125          27        0.02         17362        10.52  
         .      1997.375      2002.25          23        0.01         17385        10.53  
         .      1997.375     2002.375          40        0.02         17425        10.56  
         .      1997.375       2002.5          37        0.02         17462        10.58  
         .      1997.375     2003.125          31        0.02         17493        10.60  
         .      1997.375      2003.25          32        0.02         17525        10.62  
         .      1997.375     2003.375          31        0.02         17556        10.64  
         .      1997.375       2003.5          29        0.02         17585        10.65  
         .      1997.375     2004.125          32        0.02         17617        10.67  
         .      1997.375      2004.25          36        0.02         17653        10.70  
         .      1997.375     2004.375          27        0.02         17680        10.71  
         .      1997.375       2004.5          38        0.02         17718        10.73  
         .      1997.375     2005.125          30        0.02         17748        10.75  
         .      1997.375      2005.25          31        0.02         17779        10.77  
/prj/bb/lrisk/prog/nhis1997_2001/mortality.dataset.sas                                                          14:54 Thursday, December 1, 2016   8

cohorts - pick up wt

The FREQ Procedure

                                                                  Cumulative    Cumulative
FLAG_DEATH    OTHINTV_DT    DEATHYEAR    Frequency     Percent     Frequency      Percent
------------------------------------------------------------------------------------------
         .      1997.375     2005.375          34        0.02         17813        10.79  
         .      1997.375       2005.5          28        0.02         17841        10.81  
         .      1997.375     2006.125          38        0.02         17879        10.83  
         .      1997.375      2006.25          34        0.02         17913        10.85  
         .      1997.375     2006.375          22        0.01         17935        10.87  
         .      1997.375       2006.5          17        0.01         17952        10.88  
         .      1997.375         2007        7823        4.74         25775        15.62  
         .        1997.5     1998.125          27        0.02         25802        15.63  
         .        1997.5      1998.25          19        0.01         25821        15.64  
         .        1997.5     1998.375          18        0.01         25839        15.65  
         .        1997.5       1998.5          10        0.01         25849        15.66  
         .        1997.5     1999.125          20        0.01         25869        15.67  
         .        1997.5      1999.25          28        0.02         25897        15.69  
         .        1997.5     1999.375          19        0.01         25916        15.70  
         .        1997.5       1999.5          25        0.02         25941        15.72  
         .        1997.5     2000.125          26        0.02         25967        15.73  
         .        1997.5      2000.25          28        0.02         25995        15.75  
         .        1997.5     2000.375          21        0.01         26016        15.76  
         .        1997.5       2000.5          32        0.02         26048        15.78  
         .        1997.5     2001.125          25        0.02         26073        15.80  
         .        1997.5      2001.25          33        0.02         26106        15.82  
         .        1997.5     2001.375          17        0.01         26123        15.83  
         .        1997.5       2001.5          22        0.01         26145        15.84  
         .        1997.5     2002.125          34        0.02         26179        15.86  
         .        1997.5      2002.25          22        0.01         26201        15.87  
         .        1997.5     2002.375          24        0.01         26225        15.89  
         .        1997.5       2002.5          28        0.02         26253        15.91  
         .        1997.5     2003.125          27        0.02         26280        15.92  
         .        1997.5      2003.25          16        0.01         26296        15.93  
         .        1997.5     2003.375          27        0.02         26323        15.95  
         .        1997.5       2003.5          21        0.01         26344        15.96  
         .        1997.5     2004.125          24        0.01         26368        15.98  
         .        1997.5      2004.25          25        0.02         26393        15.99  
         .        1997.5     2004.375          21        0.01         26414        16.00  
         .        1997.5       2004.5          22        0.01         26436        16.02  
         .        1997.5     2005.125          37        0.02         26473        16.04  
         .        1997.5      2005.25          24        0.01         26497        16.05  
         .        1997.5     2005.375          23        0.01         26520        16.07  
         .        1997.5       2005.5          28        0.02         26548        16.08  
         .        1997.5     2006.125          33        0.02         26581        16.10  
         .        1997.5      2006.25          25        0.02         26606        16.12  
         .        1997.5     2006.375          21        0.01         26627        16.13  
         .        1997.5       2006.5          27        0.02         26654        16.15  
         .        1997.5         2007        7711        4.67         34365        20.82  
         .      1998.125      1998.25          16        0.01         34381        20.83  
         .      1998.125     1998.375          22        0.01         34403        20.84  
         .      1998.125       1998.5          21        0.01         34424        20.86  
         .      1998.125     1999.125          15        0.01         34439        20.86  
         .      1998.125      1999.25          20        0.01         34459        20.88  
         .      1998.125     1999.375          17        0.01         34476        20.89  
         .      1998.125       1999.5          20        0.01         34496        20.90  
         .      1998.125     2000.125          19        0.01         34515        20.91  
         .      1998.125      2000.25          21        0.01         34536        20.92  
         .      1998.125     2000.375          20        0.01         34556        20.94  
         .      1998.125       2000.5          28        0.02         34584        20.95  
/prj/bb/lrisk/prog/nhis1997_2001/mortality.dataset.sas                                                          14:54 Thursday, December 1, 2016   9

cohorts - pick up wt

The FREQ Procedure

                                                                  Cumulative    Cumulative
FLAG_DEATH    OTHINTV_DT    DEATHYEAR    Frequency     Percent     Frequency      Percent
------------------------------------------------------------------------------------------
         .      1998.125     2001.125          17        0.01         34601        20.96  
         .      1998.125      2001.25          22        0.01         34623        20.98  
         .      1998.125     2001.375          16        0.01         34639        20.99  
         .      1998.125       2001.5          26        0.02         34665        21.00  
         .      1998.125     2002.125          20        0.01         34685        21.01  
         .      1998.125      2002.25          24        0.01         34709        21.03  
         .      1998.125     2002.375          29        0.02         34738        21.05  
         .      1998.125       2002.5          28        0.02         34766        21.06  
         .      1998.125     2003.125          30        0.02         34796        21.08  
         .      1998.125      2003.25          19        0.01         34815        21.09  
         .      1998.125     2003.375          18        0.01         34833        21.10  
         .      1998.125       2003.5          27        0.02         34860        21.12  
         .      1998.125     2004.125          20        0.01         34880        21.13  
         .      1998.125      2004.25          24        0.01         34904        21.15  
         .      1998.125     2004.375          23        0.01         34927        21.16  
         .      1998.125       2004.5          18        0.01         34945        21.17  
         .      1998.125     2005.125          24        0.01         34969        21.19  
         .      1998.125      2005.25          30        0.02         34999        21.20  
         .      1998.125     2005.375          14        0.01         35013        21.21  
         .      1998.125       2005.5          31        0.02         35044        21.23  
         .      1998.125     2006.125          27        0.02         35071        21.25  
         .      1998.125      2006.25          24        0.01         35095        21.26  
         .      1998.125     2006.375          21        0.01         35116        21.28  
         .      1998.125       2006.5          16        0.01         35132        21.28  
         .      1998.125         2007        6078        3.68         41210        24.97  
         .       1998.25     1998.375          17        0.01         41227        24.98  
         .       1998.25       1998.5          14        0.01         41241        24.99  
         .       1998.25     1999.125          19        0.01         41260        25.00  
         .       1998.25      1999.25          28        0.02         41288        25.01  
         .       1998.25     1999.375          20        0.01         41308        25.03  
         .       1998.25       1999.5          28        0.02         41336        25.04  
         .       1998.25     2000.125          29        0.02         41365        25.06  
         .       1998.25      2000.25          19        0.01         41384        25.07  
         .       1998.25     2000.375          18        0.01         41402        25.08  
         .       1998.25       2000.5          24        0.01         41426        25.10  
         .       1998.25     2001.125          36        0.02         41462        25.12  
         .       1998.25      2001.25          26        0.02         41488        25.14  
         .       1998.25     2001.375          20        0.01         41508        25.15  
         .       1998.25       2001.5          26        0.02         41534        25.16  
         .       1998.25     2002.125          29        0.02         41563        25.18  
         .       1998.25      2002.25          29        0.02         41592        25.20  
         .       1998.25     2002.375          26        0.02         41618        25.21  
         .       1998.25       2002.5          28        0.02         41646        25.23  
         .       1998.25     2003.125          36        0.02         41682        25.25  
         .       1998.25      2003.25          19        0.01         41701        25.26  
         .       1998.25     2003.375          19        0.01         41720        25.28  
         .       1998.25       2003.5          37        0.02         41757        25.30  
         .       1998.25     2004.125          26        0.02         41783        25.31  
         .       1998.25      2004.25          27        0.02         41810        25.33  
         .       1998.25     2004.375          22        0.01         41832        25.34  
         .       1998.25       2004.5          23        0.01         41855        25.36  
         .       1998.25     2005.125          29        0.02         41884        25.38  
         .       1998.25      2005.25          30        0.02         41914        25.39  
         .       1998.25     2005.375          17        0.01         41931        25.40  
         .       1998.25       2005.5          26        0.02         41957        25.42  
/prj/bb/lrisk/prog/nhis1997_2001/mortality.dataset.sas                                                          14:54 Thursday, December 1, 2016  10

cohorts - pick up wt

The FREQ Procedure

                                                                  Cumulative    Cumulative
FLAG_DEATH    OTHINTV_DT    DEATHYEAR    Frequency     Percent     Frequency      Percent
------------------------------------------------------------------------------------------
         .       1998.25     2006.125          22        0.01         41979        25.43  
         .       1998.25      2006.25          33        0.02         42012        25.45  
         .       1998.25     2006.375          29        0.02         42041        25.47  
         .       1998.25       2006.5          33        0.02         42074        25.49  
         .       1998.25         2007        7121        4.31         49195        29.80  
         .      1998.375       1998.5          13        0.01         49208        29.81  
         .      1998.375     1999.125          23        0.01         49231        29.83  
         .      1998.375      1999.25          11        0.01         49242        29.83  
         .      1998.375     1999.375          26        0.02         49268        29.85  
         .      1998.375       1999.5          22        0.01         49290        29.86  
         .      1998.375     2000.125          34        0.02         49324        29.88  
         .      1998.375      2000.25          20        0.01         49344        29.90  
         .      1998.375     2000.375          19        0.01         49363        29.91  
         .      1998.375       2000.5          24        0.01         49387        29.92  
         .      1998.375     2001.125          30        0.02         49417        29.94  
         .      1998.375      2001.25          18        0.01         49435        29.95  
         .      1998.375     2001.375          22        0.01         49457        29.96  
         .      1998.375       2001.5          29        0.02         49486        29.98  
         .      1998.375     2002.125          23        0.01         49509        30.00  
         .      1998.375      2002.25          21        0.01         49530        30.01  
         .      1998.375     2002.375          21        0.01         49551        30.02  
         .      1998.375       2002.5          21        0.01         49572        30.03  
         .      1998.375     2003.125          28        0.02         49600        30.05  
         .      1998.375      2003.25          23        0.01         49623        30.06  
         .      1998.375     2003.375          26        0.02         49649        30.08  
         .      1998.375       2003.5          35        0.02         49684        30.10  
         .      1998.375     2004.125          28        0.02         49712        30.12  
         .      1998.375      2004.25          24        0.01         49736        30.13  
         .      1998.375     2004.375          28        0.02         49764        30.15  
         .      1998.375       2004.5          26        0.02         49790        30.17  
         .      1998.375     2005.125          28        0.02         49818        30.18  
         .      1998.375      2005.25          26        0.02         49844        30.20  
         .      1998.375     2005.375          22        0.01         49866        30.21  
         .      1998.375       2005.5          27        0.02         49893        30.23  
         .      1998.375     2006.125          24        0.01         49917        30.24  
         .      1998.375      2006.25          24        0.01         49941        30.26  
         .      1998.375     2006.375          17        0.01         49958        30.27  
         .      1998.375       2006.5          25        0.02         49983        30.28  
         .      1998.375         2007        7157        4.34         57140        34.62  
         .        1998.5     1999.125          19        0.01         57159        34.63  
         .        1998.5      1999.25          23        0.01         57182        34.64  
         .        1998.5     1999.375          19        0.01         57201        34.66  
         .        1998.5       1999.5          22        0.01         57223        34.67  
         .        1998.5     2000.125          38        0.02         57261        34.69  
         .        1998.5      2000.25          16        0.01         57277        34.70  
         .        1998.5     2000.375          19        0.01         57296        34.71  
         .        1998.5       2000.5          19        0.01         57315        34.72  
         .        1998.5     2001.125          32        0.02         57347        34.74  
         .        1998.5      2001.25          25        0.02         57372        34.76  
         .        1998.5     2001.375          30        0.02         57402        34.78  
         .        1998.5       2001.5          21        0.01         57423        34.79  
         .        1998.5     2002.125          22        0.01         57445        34.80  
         .        1998.5      2002.25          16        0.01         57461        34.81  
         .        1998.5     2002.375          27        0.02         57488        34.83  
         .        1998.5       2002.5          15        0.01         57503        34.84  
/prj/bb/lrisk/prog/nhis1997_2001/mortality.dataset.sas                                                          14:54 Thursday, December 1, 2016  11

cohorts - pick up wt

The FREQ Procedure

                                                                  Cumulative    Cumulative
FLAG_DEATH    OTHINTV_DT    DEATHYEAR    Frequency     Percent     Frequency      Percent
------------------------------------------------------------------------------------------
         .        1998.5     2003.125          29        0.02         57532        34.86  
         .        1998.5      2003.25          31        0.02         57563        34.87  
         .        1998.5     2003.375          24        0.01         57587        34.89  
         .        1998.5       2003.5          24        0.01         57611        34.90  
         .        1998.5     2004.125          29        0.02         57640        34.92  
         .        1998.5      2004.25          24        0.01         57664        34.94  
         .        1998.5     2004.375          24        0.01         57688        34.95  
         .        1998.5       2004.5          29        0.02         57717        34.97  
         .        1998.5     2005.125          26        0.02         57743        34.98  
         .        1998.5      2005.25          25        0.02         57768        35.00  
         .        1998.5     2005.375          21        0.01         57789        35.01  
         .        1998.5       2005.5          32        0.02         57821        35.03  
         .        1998.5     2006.125          28        0.02         57849        35.05  
         .        1998.5      2006.25          26        0.02         57875        35.06  
         .        1998.5     2006.375          22        0.01         57897        35.08  
         .        1998.5       2006.5          27        0.02         57924        35.09  
         .        1998.5         2007        6995        4.24         64919        39.33  
         .      1999.125      1999.25          10        0.01         64929        39.34  
         .      1999.125     1999.375          14        0.01         64943        39.35  
         .      1999.125       1999.5          14        0.01         64957        39.35  
         .      1999.125     2000.125          16        0.01         64973        39.36  
         .      1999.125      2000.25          11        0.01         64984        39.37  
         .      1999.125     2000.375          19        0.01         65003        39.38  
         .      1999.125       2000.5          19        0.01         65022        39.39  
         .      1999.125     2001.125          16        0.01         65038        39.40  
         .      1999.125      2001.25          17        0.01         65055        39.41  
         .      1999.125     2001.375          19        0.01         65074        39.43  
         .      1999.125       2001.5          29        0.02         65103        39.44  
         .      1999.125     2002.125          17        0.01         65120        39.45  
         .      1999.125      2002.25          16        0.01         65136        39.46  
         .      1999.125     2002.375          12        0.01         65148        39.47  
         .      1999.125       2002.5          18        0.01         65166        39.48  
         .      1999.125     2003.125          29        0.02         65195        39.50  
         .      1999.125      2003.25          25        0.02         65220        39.51  
         .      1999.125     2003.375          23        0.01         65243        39.53  
         .      1999.125       2003.5          20        0.01         65263        39.54  
         .      1999.125     2004.125          23        0.01         65286        39.55  
         .      1999.125      2004.25          22        0.01         65308        39.57  
         .      1999.125     2004.375          17        0.01         65325        39.58  
         .      1999.125       2004.5          22        0.01         65347        39.59  
         .      1999.125     2005.125          21        0.01         65368        39.60  
         .      1999.125      2005.25          12        0.01         65380        39.61  
         .      1999.125     2005.375          20        0.01         65400        39.62  
         .      1999.125       2005.5          20        0.01         65420        39.63  
         .      1999.125     2006.125          23        0.01         65443        39.65  
         .      1999.125      2006.25          18        0.01         65461        39.66  
         .      1999.125     2006.375          19        0.01         65480        39.67  
         .      1999.125       2006.5          14        0.01         65494        39.68  
         .      1999.125         2007        5792        3.51         71286        43.19  
         .       1999.25     1999.375          11        0.01         71297        43.20  
         .       1999.25       1999.5          20        0.01         71317        43.21  
         .       1999.25     2000.125          28        0.02         71345        43.22  
         .       1999.25      2000.25          14        0.01         71359        43.23  
         .       1999.25     2000.375          14        0.01         71373        43.24  
         .       1999.25       2000.5          23        0.01         71396        43.26  
/prj/bb/lrisk/prog/nhis1997_2001/mortality.dataset.sas                                                          14:54 Thursday, December 1, 2016  12

cohorts - pick up wt

The FREQ Procedure

                                                                  Cumulative    Cumulative
FLAG_DEATH    OTHINTV_DT    DEATHYEAR    Frequency     Percent     Frequency      Percent
------------------------------------------------------------------------------------------
         .       1999.25     2001.125          25        0.02         71421        43.27  
         .       1999.25      2001.25          18        0.01         71439        43.28  
         .       1999.25     2001.375          23        0.01         71462        43.30  
         .       1999.25       2001.5          24        0.01         71486        43.31  
         .       1999.25     2002.125          21        0.01         71507        43.32  
         .       1999.25      2002.25          26        0.02         71533        43.34  
         .       1999.25     2002.375          25        0.02         71558        43.35  
         .       1999.25       2002.5          28        0.02         71586        43.37  
         .       1999.25     2003.125          25        0.02         71611        43.39  
         .       1999.25      2003.25          31        0.02         71642        43.40  
         .       1999.25     2003.375          29        0.02         71671        43.42  
         .       1999.25       2003.5          29        0.02         71700        43.44  
         .       1999.25     2004.125          20        0.01         71720        43.45  
         .       1999.25      2004.25          18        0.01         71738        43.46  
         .       1999.25     2004.375          24        0.01         71762        43.48  
         .       1999.25       2004.5          33        0.02         71795        43.50  
         .       1999.25     2005.125          28        0.02         71823        43.51  
         .       1999.25      2005.25          23        0.01         71846        43.53  
         .       1999.25     2005.375          16        0.01         71862        43.54  
         .       1999.25       2005.5          28        0.02         71890        43.55  
         .       1999.25     2006.125          20        0.01         71910        43.57  
         .       1999.25      2006.25          19        0.01         71929        43.58  
         .       1999.25     2006.375          23        0.01         71952        43.59  
         .       1999.25       2006.5          28        0.02         71980        43.61  
         .       1999.25         2007        6900        4.18         78880        47.79  
         .      1999.375       1999.5           7        0.00         78887        47.79  
         .      1999.375     2000.125          13        0.01         78900        47.80  
         .      1999.375      2000.25          23        0.01         78923        47.82  
         .      1999.375     2000.375          24        0.01         78947        47.83  
         .      1999.375       2000.5          19        0.01         78966        47.84  
         .      1999.375     2001.125          24        0.01         78990        47.86  
         .      1999.375      2001.25          22        0.01         79012        47.87  
         .      1999.375     2001.375          24        0.01         79036        47.88  
         .      1999.375       2001.5          22        0.01         79058        47.90  
         .      1999.375     2002.125          20        0.01         79078        47.91  
         .      1999.375      2002.25          22        0.01         79100        47.92  
         .      1999.375     2002.375          21        0.01         79121        47.94  
         .      1999.375       2002.5          26        0.02         79147        47.95  
         .      1999.375     2003.125          24        0.01         79171        47.97  
         .      1999.375      2003.25          21        0.01         79192        47.98  
         .      1999.375     2003.375          18        0.01         79210        47.99  
         .      1999.375       2003.5          25        0.02         79235        48.00  
         .      1999.375     2004.125          26        0.02         79261        48.02  
         .      1999.375      2004.25          24        0.01         79285        48.03  
         .      1999.375     2004.375          24        0.01         79309        48.05  
         .      1999.375       2004.5          26        0.02         79335        48.07  
         .      1999.375     2005.125          29        0.02         79364        48.08  
         .      1999.375      2005.25          18        0.01         79382        48.09  
         .      1999.375     2005.375          18        0.01         79400        48.10  
         .      1999.375       2005.5          26        0.02         79426        48.12  
         .      1999.375     2006.125          31        0.02         79457        48.14  
         .      1999.375      2006.25          23        0.01         79480        48.15  
         .      1999.375     2006.375          27        0.02         79507        48.17  
         .      1999.375       2006.5          21        0.01         79528        48.18  
         .      1999.375         2007        7023        4.25         86551        52.44  
/prj/bb/lrisk/prog/nhis1997_2001/mortality.dataset.sas                                                          14:54 Thursday, December 1, 2016  13

cohorts - pick up wt

The FREQ Procedure

                                                                  Cumulative    Cumulative
FLAG_DEATH    OTHINTV_DT    DEATHYEAR    Frequency     Percent     Frequency      Percent
------------------------------------------------------------------------------------------
         .        1999.5     2000.125          12        0.01         86563        52.44  
         .        1999.5      2000.25          19        0.01         86582        52.46  
         .        1999.5     2000.375          22        0.01         86604        52.47  
         .        1999.5       2000.5          22        0.01         86626        52.48  
         .        1999.5     2001.125          19        0.01         86645        52.49  
         .        1999.5      2001.25          24        0.01         86669        52.51  
         .        1999.5     2001.375          20        0.01         86689        52.52  
         .        1999.5       2001.5          16        0.01         86705        52.53  
         .        1999.5     2002.125          26        0.02         86731        52.55  
         .        1999.5      2002.25          25        0.02         86756        52.56  
         .        1999.5     2002.375          13        0.01         86769        52.57  
         .        1999.5       2002.5          26        0.02         86795        52.58  
         .        1999.5     2003.125          24        0.01         86819        52.60  
         .        1999.5      2003.25          28        0.02         86847        52.62  
         .        1999.5     2003.375          19        0.01         86866        52.63  
         .        1999.5       2003.5          26        0.02         86892        52.64  
         .        1999.5     2004.125          15        0.01         86907        52.65  
         .        1999.5      2004.25          19        0.01         86926        52.66  
         .        1999.5     2004.375          25        0.02         86951        52.68  
         .        1999.5       2004.5          23        0.01         86974        52.69  
         .        1999.5     2005.125          27        0.02         87001        52.71  
         .        1999.5      2005.25          18        0.01         87019        52.72  
         .        1999.5     2005.375          20        0.01         87039        52.73  
         .        1999.5       2005.5          21        0.01         87060        52.75  
         .        1999.5     2006.125          30        0.02         87090        52.76  
         .        1999.5      2006.25          25        0.02         87115        52.78  
         .        1999.5     2006.375          20        0.01         87135        52.79  
         .        1999.5       2006.5          17        0.01         87152        52.80  
         .        1999.5         2007        6819        4.13         93971        56.93  
         .      2000.125      2000.25           9        0.01         93980        56.94  
         .      2000.125     2000.375           8        0.00         93988        56.94  
         .      2000.125       2000.5          29        0.02         94017        56.96  
         .      2000.125     2001.125          21        0.01         94038        56.97  
         .      2000.125      2001.25          24        0.01         94062        56.99  
         .      2000.125     2001.375          20        0.01         94082        57.00  
         .      2000.125       2001.5          20        0.01         94102        57.01  
         .      2000.125     2002.125          23        0.01         94125        57.03  
         .      2000.125      2002.25          14        0.01         94139        57.03  
         .      2000.125     2002.375          21        0.01         94160        57.05  
         .      2000.125       2002.5          33        0.02         94193        57.07  
         .      2000.125     2003.125          27        0.02         94220        57.08  
         .      2000.125      2003.25          20        0.01         94240        57.10  
         .      2000.125     2003.375          21        0.01         94261        57.11  
         .      2000.125       2003.5          19        0.01         94280        57.12  
         .      2000.125     2004.125          24        0.01         94304        57.13  
         .      2000.125      2004.25          20        0.01         94324        57.15  
         .      2000.125     2004.375          10        0.01         94334        57.15  
         .      2000.125       2004.5          17        0.01         94351        57.16  
         .      2000.125     2005.125          25        0.02         94376        57.18  
         .      2000.125      2005.25          25        0.02         94401        57.19  
         .      2000.125     2005.375          21        0.01         94422        57.21  
         .      2000.125       2005.5          18        0.01         94440        57.22  
         .      2000.125     2006.125          22        0.01         94462        57.23  
         .      2000.125      2006.25          27        0.02         94489        57.25  
         .      2000.125     2006.375          22        0.01         94511        57.26  
/prj/bb/lrisk/prog/nhis1997_2001/mortality.dataset.sas                                                          14:54 Thursday, December 1, 2016  14

cohorts - pick up wt

The FREQ Procedure

                                                                  Cumulative    Cumulative
FLAG_DEATH    OTHINTV_DT    DEATHYEAR    Frequency     Percent     Frequency      Percent
------------------------------------------------------------------------------------------
         .      2000.125       2006.5          27        0.02         94538        57.28  
         .      2000.125         2007        6443        3.90        100981        61.18  
         .       2000.25     2000.375          14        0.01        100995        61.19  
         .       2000.25       2000.5          24        0.01        101019        61.20  
         .       2000.25     2001.125          14        0.01        101033        61.21  
         .       2000.25      2001.25          14        0.01        101047        61.22  
         .       2000.25     2001.375          21        0.01        101068        61.23  
         .       2000.25       2001.5          30        0.02        101098        61.25  
         .       2000.25     2002.125          19        0.01        101117        61.26  
         .       2000.25      2002.25          22        0.01        101139        61.28  
         .       2000.25     2002.375          14        0.01        101153        61.28  
         .       2000.25       2002.5          18        0.01        101171        61.29  
         .       2000.25     2003.125          26        0.02        101197        61.31  
         .       2000.25      2003.25          26        0.02        101223        61.33  
         .       2000.25     2003.375          18        0.01        101241        61.34  
         .       2000.25       2003.5          30        0.02        101271        61.36  
         .       2000.25     2004.125          26        0.02        101297        61.37  
         .       2000.25      2004.25          30        0.02        101327        61.39  
         .       2000.25     2004.375          19        0.01        101346        61.40  
         .       2000.25       2004.5          30        0.02        101376        61.42  
         .       2000.25     2005.125          25        0.02        101401        61.43  
         .       2000.25      2005.25          22        0.01        101423        61.45  
         .       2000.25     2005.375          17        0.01        101440        61.46  
         .       2000.25       2005.5          37        0.02        101477        61.48  
         .       2000.25     2006.125          25        0.02        101502        61.50  
         .       2000.25      2006.25          16        0.01        101518        61.50  
         .       2000.25     2006.375          30        0.02        101548        61.52  
         .       2000.25       2006.5          23        0.01        101571        61.54  
         .       2000.25         2007        7357        4.46        108928        65.99  
         .      2000.375       2000.5          10        0.01        108938        66.00  
         .      2000.375     2001.125          16        0.01        108954        66.01  
         .      2000.375      2001.25          25        0.02        108979        66.03  
         .      2000.375     2001.375          22        0.01        109001        66.04  
         .      2000.375       2001.5          30        0.02        109031        66.06  
         .      2000.375     2002.125          28        0.02        109059        66.07  
         .      2000.375      2002.25          18        0.01        109077        66.08  
         .      2000.375     2002.375          23        0.01        109100        66.10  
         .      2000.375       2002.5          25        0.02        109125        66.11  
         .      2000.375     2003.125          27        0.02        109152        66.13  
         .      2000.375      2003.25          17        0.01        109169        66.14  
         .      2000.375     2003.375          17        0.01        109186        66.15  
         .      2000.375       2003.5          30        0.02        109216        66.17  
         .      2000.375     2004.125          26        0.02        109242        66.18  
         .      2000.375      2004.25          29        0.02        109271        66.20  
         .      2000.375     2004.375          18        0.01        109289        66.21  
         .      2000.375       2004.5          33        0.02        109322        66.23  
         .      2000.375     2005.125          27        0.02        109349        66.25  
         .      2000.375      2005.25          23        0.01        109372        66.26  
         .      2000.375     2005.375          17        0.01        109389        66.27  
         .      2000.375       2005.5          27        0.02        109416        66.29  
         .      2000.375     2006.125          34        0.02        109450        66.31  
         .      2000.375      2006.25          33        0.02        109483        66.33  
         .      2000.375     2006.375          21        0.01        109504        66.34  
         .      2000.375       2006.5          20        0.01        109524        66.36  
         .      2000.375         2007        7413        4.49        116937        70.85  
/prj/bb/lrisk/prog/nhis1997_2001/mortality.dataset.sas                                                          14:54 Thursday, December 1, 2016  15

cohorts - pick up wt

The FREQ Procedure

                                                                  Cumulative    Cumulative
FLAG_DEATH    OTHINTV_DT    DEATHYEAR    Frequency     Percent     Frequency      Percent
------------------------------------------------------------------------------------------
         .        2000.5     2001.125           7        0.00        116944        70.85  
         .        2000.5      2001.25          12        0.01        116956        70.86  
         .        2000.5     2001.375          26        0.02        116982        70.87  
         .        2000.5       2001.5          24        0.01        117006        70.89  
         .        2000.5     2002.125          15        0.01        117021        70.90  
         .        2000.5      2002.25          15        0.01        117036        70.91  
         .        2000.5     2002.375          12        0.01        117048        70.91  
         .        2000.5       2002.5          22        0.01        117070        70.93  
         .        2000.5     2003.125          23        0.01        117093        70.94  
         .        2000.5      2003.25          21        0.01        117114        70.95  
         .        2000.5     2003.375          19        0.01        117133        70.97  
         .        2000.5       2003.5          17        0.01        117150        70.98  
         .        2000.5     2004.125          26        0.02        117176        70.99  
         .        2000.5      2004.25          22        0.01        117198        71.00  
         .        2000.5     2004.375          11        0.01        117209        71.01  
         .        2000.5       2004.5          23        0.01        117232        71.03  
         .        2000.5     2005.125          23        0.01        117255        71.04  
         .        2000.5      2005.25          17        0.01        117272        71.05  
         .        2000.5     2005.375          18        0.01        117290        71.06  
         .        2000.5       2005.5          28        0.02        117318        71.08  
         .        2000.5     2006.125          20        0.01        117338        71.09  
         .        2000.5      2006.25          19        0.01        117357        71.10  
         .        2000.5     2006.375          25        0.02        117382        71.12  
         .        2000.5       2006.5          17        0.01        117399        71.13  
         .        2000.5         2007        7151        4.33        124550        75.46  
         .      2001.125      2001.25          15        0.01        124565        75.47  
         .      2001.125     2001.375          24        0.01        124589        75.48  
         .      2001.125       2001.5          15        0.01        124604        75.49  
         .      2001.125     2002.125          17        0.01        124621        75.50  
         .      2001.125      2002.25          17        0.01        124638        75.51  
         .      2001.125     2002.375          17        0.01        124655        75.52  
         .      2001.125       2002.5          17        0.01        124672        75.53  
         .      2001.125     2003.125          26        0.02        124698        75.55  
         .      2001.125      2003.25          23        0.01        124721        75.56  
         .      2001.125     2003.375          18        0.01        124739        75.57  
         .      2001.125       2003.5          18        0.01        124757        75.58  
         .      2001.125     2004.125          20        0.01        124777        75.60  
         .      2001.125      2004.25          12        0.01        124789        75.60  
         .      2001.125     2004.375          21        0.01        124810        75.62  
         .      2001.125       2004.5          24        0.01        124834        75.63  
         .      2001.125     2005.125          25        0.02        124859        75.65  
         .      2001.125      2005.25          10        0.01        124869        75.65  
         .      2001.125     2005.375          25        0.02        124894        75.67  
         .      2001.125       2005.5          17        0.01        124911        75.68  
         .      2001.125     2006.125          20        0.01        124931        75.69  
         .      2001.125      2006.25          14        0.01        124945        75.70  
         .      2001.125     2006.375          24        0.01        124969        75.71  
         .      2001.125       2006.5          19        0.01        124988        75.72  
         .      2001.125         2007        6392        3.87        131380        79.60  
         .       2001.25     2001.375          20        0.01        131400        79.61  
         .       2001.25       2001.5          17        0.01        131417        79.62  
         .       2001.25     2002.125          24        0.01        131441        79.63  
         .       2001.25      2002.25          27        0.02        131468        79.65  
         .       2001.25     2002.375          24        0.01        131492        79.66  
         .       2001.25       2002.5          20        0.01        131512        79.68  
/prj/bb/lrisk/prog/nhis1997_2001/mortality.dataset.sas                                                          14:54 Thursday, December 1, 2016  16

cohorts - pick up wt

The FREQ Procedure

                                                                  Cumulative    Cumulative
FLAG_DEATH    OTHINTV_DT    DEATHYEAR    Frequency     Percent     Frequency      Percent
------------------------------------------------------------------------------------------
         .       2001.25     2003.125          26        0.02        131538        79.69  
         .       2001.25      2003.25          17        0.01        131555        79.70  
         .       2001.25     2003.375          16        0.01        131571        79.71  
         .       2001.25       2003.5          24        0.01        131595        79.73  
         .       2001.25     2004.125          25        0.02        131620        79.74  
         .       2001.25      2004.25          22        0.01        131642        79.76  
         .       2001.25     2004.375          21        0.01        131663        79.77  
         .       2001.25       2004.5          26        0.02        131689        79.78  
         .       2001.25     2005.125          39        0.02        131728        79.81  
         .       2001.25      2005.25          16        0.01        131744        79.82  
         .       2001.25     2005.375          21        0.01        131765        79.83  
         .       2001.25       2005.5          18        0.01        131783        79.84  
         .       2001.25     2006.125          15        0.01        131798        79.85  
         .       2001.25      2006.25          29        0.02        131827        79.87  
         .       2001.25     2006.375          21        0.01        131848        79.88  
         .       2001.25       2006.5          26        0.02        131874        79.90  
         .       2001.25         2007        7582        4.59        139456        84.49  
         .      2001.375       2001.5          14        0.01        139470        84.50  
         .      2001.375     2002.125          19        0.01        139489        84.51  
         .      2001.375      2002.25          14        0.01        139503        84.52  
         .      2001.375     2002.375          18        0.01        139521        84.53  
         .      2001.375       2002.5          29        0.02        139550        84.55  
         .      2001.375     2003.125          27        0.02        139577        84.56  
         .      2001.375      2003.25          29        0.02        139606        84.58  
         .      2001.375     2003.375          23        0.01        139629        84.59  
         .      2001.375       2003.5          34        0.02        139663        84.62  
         .      2001.375     2004.125          26        0.02        139689        84.63  
         .      2001.375      2004.25          24        0.01        139713        84.65  
         .      2001.375     2004.375          20        0.01        139733        84.66  
         .      2001.375       2004.5          22        0.01        139755        84.67  
         .      2001.375     2005.125          23        0.01        139778        84.68  
         .      2001.375      2005.25          21        0.01        139799        84.70  
         .      2001.375     2005.375          22        0.01        139821        84.71  
         .      2001.375       2005.5          30        0.02        139851        84.73  
         .      2001.375     2006.125          30        0.02        139881        84.75  
         .      2001.375      2006.25          28        0.02        139909        84.76  
         .      2001.375     2006.375          27        0.02        139936        84.78  
         .      2001.375       2006.5          22        0.01        139958        84.79  
         .      2001.375         2007        7792        4.72        147750        89.51  
         .        2001.5     2002.125          24        0.01        147774        89.53  
         .        2001.5      2002.25          14        0.01        147788        89.54  
         .        2001.5     2002.375          20        0.01        147808        89.55  
         .        2001.5       2002.5          23        0.01        147831        89.56  
         .        2001.5     2003.125          25        0.02        147856        89.58  
         .        2001.5      2003.25          19        0.01        147875        89.59  
         .        2001.5     2003.375          16        0.01        147891        89.60  
         .        2001.5       2003.5          23        0.01        147914        89.61  
         .        2001.5     2004.125          26        0.02        147940        89.63  
         .        2001.5      2004.25          21        0.01        147961        89.64  
         .        2001.5     2004.375          28        0.02        147989        89.66  
         .        2001.5       2004.5          31        0.02        148020        89.68  
         .        2001.5     2005.125          31        0.02        148051        89.70  
         .        2001.5      2005.25          32        0.02        148083        89.72  
         .        2001.5     2005.375          18        0.01        148101        89.73  
         .        2001.5       2005.5          30        0.02        148131        89.75  
/prj/bb/lrisk/prog/nhis1997_2001/mortality.dataset.sas                                                          14:54 Thursday, December 1, 2016  17

cohorts - pick up wt

The FREQ Procedure

                                                                  Cumulative    Cumulative
FLAG_DEATH    OTHINTV_DT    DEATHYEAR    Frequency     Percent     Frequency      Percent
------------------------------------------------------------------------------------------
         .        2001.5     2006.125          32        0.02        148163        89.76  
         .        2001.5      2006.25          23        0.01        148186        89.78  
         .        2001.5     2006.375          26        0.02        148212        89.79  
         .        2001.5       2006.5          21        0.01        148233        89.81  
         .        2001.5         2007        7655        4.64        155888        94.44  
         0      1997.125     1997.125           7        0.00        155895        94.45  
         0       1997.25      1997.25           8        0.00        155903        94.45  
         0      1997.375     1997.375           7        0.00        155910        94.46  
         0        1997.5       1997.5           6        0.00        155916        94.46  
         0      1998.125     1998.125           5        0.00        155921        94.46  
         0       1998.25      1998.25          10        0.01        155931        94.47  
         0      1998.375     1998.375           4        0.00        155935        94.47  
         0        1998.5       1998.5           4        0.00        155939        94.48  
         0      1999.125     1999.125           6        0.00        155945        94.48  
         0       1999.25      1999.25           8        0.00        155953        94.48  
         0      1999.375     1999.375           3        0.00        155956        94.49  
         0        1999.5       1999.5           7        0.00        155963        94.49  
         0      2000.125     2000.125           5        0.00        155968        94.49  
         0       2000.25      2000.25           1        0.00        155969        94.49  
         0      2000.375     2000.375           8        0.00        155977        94.50  
         0        2000.5       2000.5           2        0.00        155979        94.50  
         0      2001.125     2001.125           2        0.00        155981        94.50  
         0       2001.25      2001.25           4        0.00        155985        94.50  
         0      2001.375     2001.375           3        0.00        155988        94.51  
         0        2001.5       2001.5          11        0.01        155999        94.51  
         1      1997.125            .         408        0.25        156407        94.76  
         1       1997.25            .         408        0.25        156815        95.01  
         1      1997.375            .         425        0.26        157240        95.26  
         1        1997.5            .         482        0.29        157722        95.56  
         1      1998.125            .         365        0.22        158087        95.78  
         1       1998.25            .         446        0.27        158533        96.05  
         1      1998.375            .         544        0.33        159077        96.38  
         1        1998.5            .         508        0.31        159585        96.68  
         1      1999.125            .         416        0.25        160001        96.94  
         1       1999.25            .         475        0.29        160476        97.22  
         1      1999.375            .         417        0.25        160893        97.48  
         1        1999.5            .         417        0.25        161310        97.73  
         1      2000.125            .         338        0.20        161648        97.93  
         1       2000.25            .         452        0.27        162100        98.21  
         1      2000.375            .         489        0.30        162589        98.50  
         1        2000.5            .         500        0.30        163089        98.81  
         1      2001.125            .         403        0.24        163492        99.05  
         1       2001.25            .         509        0.31        164001        99.36  
         1      2001.375            .         532        0.32        164533        99.68  
         1        2001.5            .         524        0.32        165057       100.00  


/prj/bb/lrisk/prog/nhis1997_2001/mortality.dataset.sas                                                          14:54 Thursday, December 1, 2016  18

cohorts - pick up wt

The FREQ Procedure

                                                                                  Cumulative    Cumulative
FLAG_DEATH    NHIS_YR    IN_NHIS    IN_WT    WT_MORT5    Frequency     Percent     Frequency      Percent
----------------------------------------------------------------------------------------------------------
         .       1997          1        1       Value       34365       20.82         34365        20.82  
         .       1998          1        1       Value       30554       18.51         64919        39.33  
         .       1999          1        1       Value       29052       17.60         93971        56.93  
         .       2000          1        1       Value       30579       18.53        124550        75.46  
         .       2001          1        1       Value       31338       18.99        155888        94.44  
         0       1997          1        1       Value          28        0.02        155916        94.46  
         0       1998          1        1       Value          23        0.01        155939        94.48  
         0       1999          1        1       Value          24        0.01        155963        94.49  
         0       2000          1        1       Value          16        0.01        155979        94.50  
         0       2001          1        1       Value          20        0.01        155999        94.51  
         1       1997          1        .    No Value        1723        1.04        157722        95.56  
         1       1998          1        .    No Value        1863        1.13        159585        96.68  
         1       1999          1        .    No Value        1725        1.05        161310        97.73  
         1       2000          1        .    No Value        1779        1.08        163089        98.81  
         1       2001          1        .    No Value        1968        1.19        165057       100.00  
